{
  "RSpec": {
    "coverage": {
      "/Users/shubindervirk/Desktop/Makers/airport/airport_challenge/spec/airport_spec.rb": [
        1,
        1,
        null,
        1,
        2,
        1,
        null,
        1,
        1,
        1,
        null,
        null,
        1,
        1,
        1,
        null,
        null,
        null,
        null,
        null
      ],
      "/Users/shubindervirk/Desktop/Makers/airport/airport_challenge/lib/airport.rb": [
        1,
        1,
        null,
        1,
        null,
        1,
        7,
        7,
        null,
        null,
        1,
        12,
        11,
        11,
        null,
        null,
        1,
        0,
        0,
        null,
        null,
        null,
        1,
        3,
        null,
        null,
        1,
        0,
        null,
        null,
        null
      ],
      "/Users/shubindervirk/Desktop/Makers/airport/airport_challenge/lib/plane.rb": [
        1,
        1,
        null,
        1,
        16,
        null,
        null,
        1,
        13,
        null,
        null,
        1,
        13,
        12,
        11,
        null,
        null,
        1,
        2,
        2,
        0,
        0,
        null,
        null,
        null
      ],
      "/Users/shubindervirk/Desktop/Makers/airport/airport_challenge/spec/plane_spec.rb": [
        1,
        1,
        null,
        1,
        7,
        null,
        1,
        1,
        6,
        null,
        null,
        1,
        4,
        null,
        1,
        1,
        null,
        null,
        1,
        2,
        null,
        null,
        1,
        1,
        3,
        null,
        null,
        1,
        4,
        1,
        4,
        null,
        null,
        1,
        2,
        null,
        null,
        1,
        1,
        10,
        null,
        2,
        null,
        null,
        0,
        0,
        null,
        null,
        null,
        0,
        0,
        null,
        null,
        null,
        null,
        null,
        null,
        null
      ]
    },
    "timestamp": 1571651424
  }
}
